2026-04-18 09:13:29 - INFO - 全局随机种子已设置为: 42
2026-04-18 09:13:29 - INFO - 检测到 CUDA 设备: NVIDIA GeForce RTX 3060 Laptop GPU, 显存: 6.4 GB
2026-04-18 09:13:29 - INFO - ============================================================
2026-04-18 09:13:29 - INFO - BitFit Fine-Tuning 实验配置
2026-04-18 09:13:29 - INFO - ============================================================
2026-04-18 09:13:29 - INFO - 样本规模: 2000
2026-04-18 09:13:29 - INFO - 批次大小: 32
2026-04-18 09:13:29 - INFO - 学习率: 2e-05
2026-04-18 09:13:29 - INFO - 权重衰减: 0.01
2026-04-18 09:13:29 - INFO - 设备: cuda
2026-04-18 09:13:29 - INFO - ============================================================
2026-04-18 09:13:29 - INFO - 加载数据集...
2026-04-18 09:13:29 - INFO - 从本地加载子集 (样本数: 2000)
2026-04-18 09:13:30 - INFO - 加载预训练模型（将应用 BitFit）...
2026-04-18 09:13:31 - INFO - BitFit 参数配置:
2026-04-18 09:13:31 - INFO -   可训练参数: 695,812 / 124,648,708 (0.5582%)
2026-04-18 09:13:31 - INFO -   训练参数占比: ~0.1% (classifier 约 6000 参数除外)
2026-04-18 09:13:32 - INFO - 
============================================================
2026-04-18 09:13:32 - INFO - 阶段1: 训练 Classifier（高学习率）
2026-04-18 09:13:32 - INFO - ============================================================
2026-04-18 09:13:32 - INFO - 阶段1 可训练参数: 593,668
2026-04-18 09:13:37 - INFO - 阶段1 Epoch 1: Loss=1.2604, Val Acc=0.4305
2026-04-18 09:13:42 - INFO - 阶段1 Epoch 2: Loss=1.1912, Val Acc=0.4813
2026-04-18 09:13:42 - INFO - 
============================================================
2026-04-18 09:13:42 - INFO - 阶段2: 训练 Classifier + Bias（BitFit）
2026-04-18 09:13:42 - INFO - ============================================================
2026-04-18 09:13:42 - INFO - 阶段2 可训练参数: 695,812
2026-04-18 09:13:42 - INFO - 
========================================
2026-04-18 09:13:42 - INFO - Epoch 1/5 (阶段2)
2026-04-18 09:13:42 - INFO - ========================================
2026-04-18 09:13:50 - INFO - 训练 Loss: 0.9597
2026-04-18 09:13:50 - INFO - 验证准确率: 0.7166 (71.66%)
2026-04-18 09:13:51 - INFO - ✓ 保存最佳 BitFit 模型至: D:\py_project\5207Project-main\results\bitfit_2000_best.pt
2026-04-18 09:13:51 - INFO - 
========================================
2026-04-18 09:13:51 - INFO - Epoch 2/5 (阶段2)
2026-04-18 09:13:51 - INFO - ========================================
2026-04-18 09:14:00 - INFO - 训练 Loss: 0.6711
2026-04-18 09:14:00 - INFO - 验证准确率: 0.7353 (73.53%)
2026-04-18 09:14:00 - INFO - ✓ 保存最佳 BitFit 模型至: D:\py_project\5207Project-main\results\bitfit_2000_best.pt
2026-04-18 09:14:00 - INFO - 
========================================
2026-04-18 09:14:00 - INFO - Epoch 3/5 (阶段2)
2026-04-18 09:14:00 - INFO - ========================================
2026-04-18 09:14:09 - INFO - 训练 Loss: 0.5635
2026-04-18 09:14:09 - INFO - 验证准确率: 0.7273 (72.73%)
2026-04-18 09:14:09 - INFO - 
========================================
2026-04-18 09:14:09 - INFO - Epoch 4/5 (阶段2)
2026-04-18 09:14:09 - INFO - ========================================
2026-04-18 09:14:18 - INFO - 训练 Loss: 0.5156
2026-04-18 09:14:18 - INFO - 验证准确率: 0.7647 (76.47%)
2026-04-18 09:14:19 - INFO - ✓ 保存最佳 BitFit 模型至: D:\py_project\5207Project-main\results\bitfit_2000_best.pt
2026-04-18 09:14:19 - INFO - 
========================================
2026-04-18 09:14:19 - INFO - Epoch 5/5 (阶段2)
2026-04-18 09:14:19 - INFO - ========================================
2026-04-18 09:14:27 - INFO - 训练 Loss: 0.4825
2026-04-18 09:14:27 - INFO - 验证准确率: 0.7513 (75.13%)
2026-04-18 09:14:27 - INFO - 
============================================================
2026-04-18 09:14:27 - INFO - BitFit 训练完成!
2026-04-18 09:14:27 - INFO - 最佳验证准确率: 0.7647 (76.47%)
2026-04-18 09:14:27 - INFO - 对应 Epoch: 4
2026-04-18 09:14:27 - INFO - 训练时间: 55.42 秒
2026-04-18 09:14:27 - INFO - 峰值 VRAM: 2.78 GB
2026-04-18 09:14:27 - INFO - ============================================================
2026-04-18 09:14:30 - INFO - 测试集准确率: 0.7910 (79.10%)
2026-04-18 09:14:30 - INFO - 实验结果已保存至: D:\py_project\5207Project-main\results\bitfit_2000_results.json
2026-04-18 09:14:30 - INFO - BitFit 实验成功完成！
