2026-04-18 09:11:55 - INFO - 全局随机种子已设置为: 42
2026-04-18 09:11:55 - INFO - 检测到 CUDA 设备: NVIDIA GeForce RTX 3060 Laptop GPU, 显存: 6.4 GB
2026-04-18 09:11:55 - INFO - ============================================================
2026-04-18 09:11:55 - INFO - BitFit Fine-Tuning 实验配置
2026-04-18 09:11:55 - INFO - ============================================================
2026-04-18 09:11:55 - INFO - 样本规模: 200
2026-04-18 09:11:55 - INFO - 批次大小: 32
2026-04-18 09:11:55 - INFO - 学习率: 2e-05
2026-04-18 09:11:55 - INFO - 权重衰减: 0.01
2026-04-18 09:11:55 - INFO - 设备: cuda
2026-04-18 09:11:55 - INFO - ============================================================
2026-04-18 09:11:55 - INFO - 加载数据集...
2026-04-18 09:11:55 - INFO - 从本地加载子集 (样本数: 200)
2026-04-18 09:11:55 - INFO - 加载预训练模型（将应用 BitFit）...
2026-04-18 09:11:56 - INFO - BitFit 参数配置:
2026-04-18 09:11:56 - INFO -   可训练参数: 695,812 / 124,648,708 (0.5582%)
2026-04-18 09:11:56 - INFO -   训练参数占比: ~0.1% (classifier 约 6000 参数除外)
2026-04-18 09:11:57 - INFO - 
============================================================
2026-04-18 09:11:57 - INFO - 阶段1: 训练 Classifier（高学习率）
2026-04-18 09:11:57 - INFO - ============================================================
2026-04-18 09:11:57 - INFO - 阶段1 可训练参数: 593,668
2026-04-18 09:11:59 - INFO - 阶段1 Epoch 1: Loss=1.3797, Val Acc=0.4278
2026-04-18 09:12:00 - INFO - 阶段1 Epoch 2: Loss=1.3136, Val Acc=0.4278
2026-04-18 09:12:00 - INFO - 
============================================================
2026-04-18 09:12:00 - INFO - 阶段2: 训练 Classifier + Bias（BitFit）
2026-04-18 09:12:00 - INFO - ============================================================
2026-04-18 09:12:00 - INFO - 阶段2 可训练参数: 695,812
2026-04-18 09:12:00 - INFO - 
========================================
2026-04-18 09:12:00 - INFO - Epoch 1/5 (阶段2)
2026-04-18 09:12:00 - INFO - ========================================
2026-04-18 09:12:02 - INFO - 训练 Loss: 1.2688
2026-04-18 09:12:02 - INFO - 验证准确率: 0.4305 (43.05%)
2026-04-18 09:12:02 - INFO - ✓ 保存最佳 BitFit 模型至: D:\py_project\5207Project-main\results\bitfit_200_best.pt
2026-04-18 09:12:02 - INFO - 
========================================
2026-04-18 09:12:02 - INFO - Epoch 2/5 (阶段2)
2026-04-18 09:12:02 - INFO - ========================================
2026-04-18 09:12:04 - INFO - 训练 Loss: 1.2823
2026-04-18 09:12:04 - INFO - 验证准确率: 0.4278 (42.78%)
2026-04-18 09:12:04 - INFO - 
========================================
2026-04-18 09:12:04 - INFO - Epoch 3/5 (阶段2)
2026-04-18 09:12:04 - INFO - ========================================
2026-04-18 09:12:06 - INFO - 训练 Loss: 1.2507
2026-04-18 09:12:06 - INFO - 验证准确率: 0.4492 (44.92%)
2026-04-18 09:12:06 - INFO - ✓ 保存最佳 BitFit 模型至: D:\py_project\5207Project-main\results\bitfit_200_best.pt
2026-04-18 09:12:06 - INFO - 
========================================
2026-04-18 09:12:06 - INFO - Epoch 4/5 (阶段2)
2026-04-18 09:12:06 - INFO - ========================================
2026-04-18 09:12:08 - INFO - 训练 Loss: 1.1598
2026-04-18 09:12:08 - INFO - 验证准确率: 0.5401 (54.01%)
2026-04-18 09:12:08 - INFO - ✓ 保存最佳 BitFit 模型至: D:\py_project\5207Project-main\results\bitfit_200_best.pt
2026-04-18 09:12:08 - INFO - 
========================================
2026-04-18 09:12:08 - INFO - Epoch 5/5 (阶段2)
2026-04-18 09:12:08 - INFO - ========================================
2026-04-18 09:12:10 - INFO - 训练 Loss: 1.1017
2026-04-18 09:12:10 - INFO - 验证准确率: 0.5481 (54.81%)
2026-04-18 09:12:11 - INFO - ✓ 保存最佳 BitFit 模型至: D:\py_project\5207Project-main\results\bitfit_200_best.pt
2026-04-18 09:12:11 - INFO - 
============================================================
2026-04-18 09:12:11 - INFO - BitFit 训练完成!
2026-04-18 09:12:11 - INFO - 最佳验证准确率: 0.5481 (54.81%)
2026-04-18 09:12:11 - INFO - 对应 Epoch: 5
2026-04-18 09:12:11 - INFO - 训练时间: 13.18 秒
2026-04-18 09:12:11 - INFO - 峰值 VRAM: 2.78 GB
2026-04-18 09:12:11 - INFO - ============================================================
2026-04-18 09:12:13 - INFO - 测试集准确率: 0.5271 (52.71%)
2026-04-18 09:12:13 - INFO - 实验结果已保存至: D:\py_project\5207Project-main\results\bitfit_200_results.json
2026-04-18 09:12:13 - INFO - BitFit 实验成功完成！
