2026-04-18 09:12:48 - INFO - 全局随机种子已设置为: 42
2026-04-18 09:12:48 - INFO - 检测到 CUDA 设备: NVIDIA GeForce RTX 3060 Laptop GPU, 显存: 6.4 GB
2026-04-18 09:12:48 - INFO - ============================================================
2026-04-18 09:12:48 - INFO - BitFit Fine-Tuning 实验配置
2026-04-18 09:12:48 - INFO - ============================================================
2026-04-18 09:12:48 - INFO - 样本规模: 1000
2026-04-18 09:12:48 - INFO - 批次大小: 32
2026-04-18 09:12:48 - INFO - 学习率: 2e-05
2026-04-18 09:12:48 - INFO - 权重衰减: 0.01
2026-04-18 09:12:48 - INFO - 设备: cuda
2026-04-18 09:12:48 - INFO - ============================================================
2026-04-18 09:12:48 - INFO - 加载数据集...
2026-04-18 09:12:48 - INFO - 从本地加载子集 (样本数: 1000)
2026-04-18 09:12:48 - INFO - 加载预训练模型（将应用 BitFit）...
2026-04-18 09:12:49 - INFO - BitFit 参数配置:
2026-04-18 09:12:49 - INFO -   可训练参数: 695,812 / 124,648,708 (0.5582%)
2026-04-18 09:12:49 - INFO -   训练参数占比: ~0.1% (classifier 约 6000 参数除外)
2026-04-18 09:12:50 - INFO - 
============================================================
2026-04-18 09:12:50 - INFO - 阶段1: 训练 Classifier（高学习率）
2026-04-18 09:12:50 - INFO - ============================================================
2026-04-18 09:12:50 - INFO - 阶段1 可训练参数: 593,668
2026-04-18 09:12:53 - INFO - 阶段1 Epoch 1: Loss=1.3152, Val Acc=0.4599
2026-04-18 09:12:56 - INFO - 阶段1 Epoch 2: Loss=1.2396, Val Acc=0.4305
2026-04-18 09:12:56 - INFO - 
============================================================
2026-04-18 09:12:56 - INFO - 阶段2: 训练 Classifier + Bias（BitFit）
2026-04-18 09:12:56 - INFO - ============================================================
2026-04-18 09:12:56 - INFO - 阶段2 可训练参数: 695,812
2026-04-18 09:12:56 - INFO - 
========================================
2026-04-18 09:12:56 - INFO - Epoch 1/5 (阶段2)
2026-04-18 09:12:56 - INFO - ========================================
2026-04-18 09:13:01 - INFO - 训练 Loss: 1.1280
2026-04-18 09:13:01 - INFO - 验证准确率: 0.6872 (68.72%)
2026-04-18 09:13:01 - INFO - ✓ 保存最佳 BitFit 模型至: D:\py_project\5207Project-main\results\bitfit_1000_best.pt
2026-04-18 09:13:01 - INFO - 
========================================
2026-04-18 09:13:01 - INFO - Epoch 2/5 (阶段2)
2026-04-18 09:13:01 - INFO - ========================================
2026-04-18 09:13:06 - INFO - 训练 Loss: 0.7966
2026-04-18 09:13:06 - INFO - 验证准确率: 0.7166 (71.66%)
2026-04-18 09:13:07 - INFO - ✓ 保存最佳 BitFit 模型至: D:\py_project\5207Project-main\results\bitfit_1000_best.pt
2026-04-18 09:13:07 - INFO - 
========================================
2026-04-18 09:13:07 - INFO - Epoch 3/5 (阶段2)
2026-04-18 09:13:07 - INFO - ========================================
2026-04-18 09:13:12 - INFO - 训练 Loss: 0.6521
2026-04-18 09:13:12 - INFO - 验证准确率: 0.7433 (74.33%)
2026-04-18 09:13:12 - INFO - ✓ 保存最佳 BitFit 模型至: D:\py_project\5207Project-main\results\bitfit_1000_best.pt
2026-04-18 09:13:12 - INFO - 
========================================
2026-04-18 09:13:12 - INFO - Epoch 4/5 (阶段2)
2026-04-18 09:13:12 - INFO - ========================================
2026-04-18 09:13:17 - INFO - 训练 Loss: 0.5505
2026-04-18 09:13:17 - INFO - 验证准确率: 0.7406 (74.06%)
2026-04-18 09:13:17 - INFO - 
========================================
2026-04-18 09:13:17 - INFO - Epoch 5/5 (阶段2)
2026-04-18 09:13:17 - INFO - ========================================
2026-04-18 09:13:22 - INFO - 训练 Loss: 0.5154
2026-04-18 09:13:22 - INFO - 验证准确率: 0.7487 (74.87%)
2026-04-18 09:13:23 - INFO - ✓ 保存最佳 BitFit 模型至: D:\py_project\5207Project-main\results\bitfit_1000_best.pt
2026-04-18 09:13:23 - INFO - 
============================================================
2026-04-18 09:13:23 - INFO - BitFit 训练完成!
2026-04-18 09:13:23 - INFO - 最佳验证准确率: 0.7487 (74.87%)
2026-04-18 09:13:23 - INFO - 对应 Epoch: 5
2026-04-18 09:13:23 - INFO - 训练时间: 32.20 秒
2026-04-18 09:13:23 - INFO - 峰值 VRAM: 2.78 GB
2026-04-18 09:13:23 - INFO - ============================================================
2026-04-18 09:13:25 - INFO - 测试集准确率: 0.7783 (77.83%)
2026-04-18 09:13:25 - INFO - 实验结果已保存至: D:\py_project\5207Project-main\results\bitfit_1000_results.json
2026-04-18 09:13:25 - INFO - BitFit 实验成功完成！
