2026-04-18 09:12:17 - INFO - 全局随机种子已设置为: 42
2026-04-18 09:12:17 - INFO - 检测到 CUDA 设备: NVIDIA GeForce RTX 3060 Laptop GPU, 显存: 6.4 GB
2026-04-18 09:12:17 - INFO - ============================================================
2026-04-18 09:12:17 - INFO - BitFit Fine-Tuning 实验配置
2026-04-18 09:12:17 - INFO - ============================================================
2026-04-18 09:12:17 - INFO - 样本规模: 500
2026-04-18 09:12:17 - INFO - 批次大小: 32
2026-04-18 09:12:17 - INFO - 学习率: 2e-05
2026-04-18 09:12:17 - INFO - 权重衰减: 0.01
2026-04-18 09:12:17 - INFO - 设备: cuda
2026-04-18 09:12:17 - INFO - ============================================================
2026-04-18 09:12:17 - INFO - 加载数据集...
2026-04-18 09:12:17 - INFO - 从本地加载子集 (样本数: 500)
2026-04-18 09:12:18 - INFO - 加载预训练模型（将应用 BitFit）...
2026-04-18 09:12:19 - INFO - BitFit 参数配置:
2026-04-18 09:12:19 - INFO -   可训练参数: 695,812 / 124,648,708 (0.5582%)
2026-04-18 09:12:19 - INFO -   训练参数占比: ~0.1% (classifier 约 6000 参数除外)
2026-04-18 09:12:20 - INFO - 
============================================================
2026-04-18 09:12:20 - INFO - 阶段1: 训练 Classifier（高学习率）
2026-04-18 09:12:20 - INFO - ============================================================
2026-04-18 09:12:20 - INFO - 阶段1 可训练参数: 593,668
2026-04-18 09:12:22 - INFO - 阶段1 Epoch 1: Loss=1.3534, Val Acc=0.4278
2026-04-18 09:12:24 - INFO - 阶段1 Epoch 2: Loss=1.2818, Val Acc=0.4278
2026-04-18 09:12:24 - INFO - 
============================================================
2026-04-18 09:12:24 - INFO - 阶段2: 训练 Classifier + Bias（BitFit）
2026-04-18 09:12:24 - INFO - ============================================================
2026-04-18 09:12:24 - INFO - 阶段2 可训练参数: 695,812
2026-04-18 09:12:24 - INFO - 
========================================
2026-04-18 09:12:24 - INFO - Epoch 1/5 (阶段2)
2026-04-18 09:12:24 - INFO - ========================================
2026-04-18 09:12:27 - INFO - 训练 Loss: 1.2551
2026-04-18 09:12:27 - INFO - 验证准确率: 0.4866 (48.66%)
2026-04-18 09:12:27 - INFO - ✓ 保存最佳 BitFit 模型至: D:\py_project\5207Project-main\results\bitfit_500_best.pt
2026-04-18 09:12:27 - INFO - 
========================================
2026-04-18 09:12:27 - INFO - Epoch 2/5 (阶段2)
2026-04-18 09:12:27 - INFO - ========================================
2026-04-18 09:12:30 - INFO - 训练 Loss: 1.0950
2026-04-18 09:12:30 - INFO - 验证准确率: 0.6604 (66.04%)
2026-04-18 09:12:31 - INFO - ✓ 保存最佳 BitFit 模型至: D:\py_project\5207Project-main\results\bitfit_500_best.pt
2026-04-18 09:12:31 - INFO - 
========================================
2026-04-18 09:12:31 - INFO - Epoch 3/5 (阶段2)
2026-04-18 09:12:31 - INFO - ========================================
2026-04-18 09:12:34 - INFO - 训练 Loss: 0.8149
2026-04-18 09:12:34 - INFO - 验证准确率: 0.7059 (70.59%)
2026-04-18 09:12:34 - INFO - ✓ 保存最佳 BitFit 模型至: D:\py_project\5207Project-main\results\bitfit_500_best.pt
2026-04-18 09:12:34 - INFO - 
========================================
2026-04-18 09:12:34 - INFO - Epoch 4/5 (阶段2)
2026-04-18 09:12:34 - INFO - ========================================
2026-04-18 09:12:37 - INFO - 训练 Loss: 0.6946
2026-04-18 09:12:37 - INFO - 验证准确率: 0.7112 (71.12%)
2026-04-18 09:12:38 - INFO - ✓ 保存最佳 BitFit 模型至: D:\py_project\5207Project-main\results\bitfit_500_best.pt
2026-04-18 09:12:38 - INFO - 
========================================
2026-04-18 09:12:38 - INFO - Epoch 5/5 (阶段2)
2026-04-18 09:12:38 - INFO - ========================================
2026-04-18 09:12:40 - INFO - 训练 Loss: 0.6489
2026-04-18 09:12:40 - INFO - 验证准确率: 0.7193 (71.93%)
2026-04-18 09:12:41 - INFO - ✓ 保存最佳 BitFit 模型至: D:\py_project\5207Project-main\results\bitfit_500_best.pt
2026-04-18 09:12:41 - INFO - 
============================================================
2026-04-18 09:12:41 - INFO - BitFit 训练完成!
2026-04-18 09:12:41 - INFO - 最佳验证准确率: 0.7193 (71.93%)
2026-04-18 09:12:41 - INFO - 对应 Epoch: 5
2026-04-18 09:12:41 - INFO - 训练时间: 20.91 秒
2026-04-18 09:12:41 - INFO - 峰值 VRAM: 2.78 GB
2026-04-18 09:12:41 - INFO - ============================================================
2026-04-18 09:12:44 - INFO - 测试集准确率: 0.7424 (74.24%)
2026-04-18 09:12:44 - INFO - 实验结果已保存至: D:\py_project\5207Project-main\results\bitfit_500_results.json
2026-04-18 09:12:44 - INFO - BitFit 实验成功完成！
