2026-04-18 09:07:17 - INFO - 全局随机种子已设置为: 42
2026-04-18 09:07:17 - INFO - 检测到 CUDA 设备: NVIDIA GeForce RTX 3060 Laptop GPU, 显存: 6.4 GB
2026-04-18 09:07:17 - INFO - ============================================================
2026-04-18 09:07:17 - INFO - Full Fine-Tuning 实验配置
2026-04-18 09:07:17 - INFO - ============================================================
2026-04-18 09:07:17 - INFO - 样本规模: 2000
2026-04-18 09:07:17 - INFO - 批次大小: 32
2026-04-18 09:07:17 - INFO - 学习率: 2e-05
2026-04-18 09:07:17 - INFO - 权重衰减: 0.01
2026-04-18 09:07:17 - INFO - 设备: cuda
2026-04-18 09:07:17 - INFO - ============================================================
2026-04-18 09:07:17 - INFO - 加载数据集...
2026-04-18 09:07:17 - INFO - 从本地加载子集 (样本数: 2000)
2026-04-18 09:07:17 - INFO - 初始化模型（Full Fine-Tuning，所有参数可训练）...
2026-04-18 09:07:19 - INFO - 可训练参数: 124,648,708 / 124,648,708 (100.00%)
2026-04-18 09:07:20 - INFO - 
========================================
2026-04-18 09:07:20 - INFO - Epoch 1/5
2026-04-18 09:07:20 - INFO - ========================================
2026-04-18 09:07:34 - INFO - 训练 Loss: 1.2113
2026-04-18 09:07:34 - INFO - 验证准确率: 0.6658 (66.58%)
2026-04-18 09:07:34 - INFO - ✓ 保存最佳模型至: D:\py_project\5207Project-main\results\full_2000_best.pt
2026-04-18 09:07:34 - INFO - 
========================================
2026-04-18 09:07:34 - INFO - Epoch 2/5
2026-04-18 09:07:34 - INFO - ========================================
2026-04-18 09:07:49 - INFO - 训练 Loss: 0.7007
2026-04-18 09:07:49 - INFO - 验证准确率: 0.7460 (74.60%)
2026-04-18 09:07:50 - INFO - ✓ 保存最佳模型至: D:\py_project\5207Project-main\results\full_2000_best.pt
2026-04-18 09:07:50 - INFO - 
========================================
2026-04-18 09:07:50 - INFO - Epoch 3/5
2026-04-18 09:07:50 - INFO - ========================================
2026-04-18 09:08:04 - INFO - 训练 Loss: 0.4448
2026-04-18 09:08:04 - INFO - 验证准确率: 0.7594 (75.94%)
2026-04-18 09:08:05 - INFO - ✓ 保存最佳模型至: D:\py_project\5207Project-main\results\full_2000_best.pt
2026-04-18 09:08:05 - INFO - 
========================================
2026-04-18 09:08:05 - INFO - Epoch 4/5
2026-04-18 09:08:05 - INFO - ========================================
2026-04-18 09:08:19 - INFO - 训练 Loss: 0.3219
2026-04-18 09:08:19 - INFO - 验证准确率: 0.7701 (77.01%)
2026-04-18 09:08:20 - INFO - ✓ 保存最佳模型至: D:\py_project\5207Project-main\results\full_2000_best.pt
2026-04-18 09:08:20 - INFO - 
========================================
2026-04-18 09:08:20 - INFO - Epoch 5/5
2026-04-18 09:08:20 - INFO - ========================================
2026-04-18 09:08:35 - INFO - 训练 Loss: 0.2398
2026-04-18 09:08:35 - INFO - 验证准确率: 0.7674 (76.74%)
2026-04-18 09:08:35 - INFO - 
============================================================
2026-04-18 09:08:35 - INFO - 训练完成!
2026-04-18 09:08:35 - INFO - 最佳验证准确率: 0.7701 (77.01%)
2026-04-18 09:08:35 - INFO - 对应 Epoch: 4
2026-04-18 09:08:35 - INFO - 训练时间: 75.04 秒
2026-04-18 09:08:35 - INFO - 峰值 VRAM: 5.26 GB
2026-04-18 09:08:35 - INFO - ============================================================
2026-04-18 09:08:37 - INFO - 测试集准确率: 0.8163 (81.63%)
2026-04-18 09:08:37 - INFO - 实验结果已保存至: D:\py_project\5207Project-main\results\full_2000_results.json
2026-04-18 09:08:37 - INFO - 实验成功完成！
