2026-04-18 09:06:25 - INFO - 全局随机种子已设置为: 42
2026-04-18 09:06:25 - INFO - 检测到 CUDA 设备: NVIDIA GeForce RTX 3060 Laptop GPU, 显存: 6.4 GB
2026-04-18 09:06:25 - INFO - ============================================================
2026-04-18 09:06:25 - INFO - Full Fine-Tuning 实验配置
2026-04-18 09:06:25 - INFO - ============================================================
2026-04-18 09:06:25 - INFO - 样本规模: 1000
2026-04-18 09:06:25 - INFO - 批次大小: 32
2026-04-18 09:06:25 - INFO - 学习率: 2e-05
2026-04-18 09:06:25 - INFO - 权重衰减: 0.01
2026-04-18 09:06:25 - INFO - 设备: cuda
2026-04-18 09:06:25 - INFO - ============================================================
2026-04-18 09:06:25 - INFO - 加载数据集...
2026-04-18 09:06:25 - INFO - 从本地加载子集 (样本数: 1000)
2026-04-18 09:06:26 - INFO - 初始化模型（Full Fine-Tuning，所有参数可训练）...
2026-04-18 09:06:27 - INFO - 可训练参数: 124,648,708 / 124,648,708 (100.00%)
2026-04-18 09:06:28 - INFO - 
========================================
2026-04-18 09:06:28 - INFO - Epoch 1/5
2026-04-18 09:06:28 - INFO - ========================================
2026-04-18 09:06:36 - INFO - 训练 Loss: 1.3179
2026-04-18 09:06:36 - INFO - 验证准确率: 0.4278 (42.78%)
2026-04-18 09:06:37 - INFO - ✓ 保存最佳模型至: D:\py_project\5207Project-main\results\full_1000_best.pt
2026-04-18 09:06:37 - INFO - 
========================================
2026-04-18 09:06:37 - INFO - Epoch 2/5
2026-04-18 09:06:37 - INFO - ========================================
2026-04-18 09:06:45 - INFO - 训练 Loss: 0.9638
2026-04-18 09:06:45 - INFO - 验证准确率: 0.7139 (71.39%)
2026-04-18 09:06:45 - INFO - ✓ 保存最佳模型至: D:\py_project\5207Project-main\results\full_1000_best.pt
2026-04-18 09:06:45 - INFO - 
========================================
2026-04-18 09:06:45 - INFO - Epoch 3/5
2026-04-18 09:06:45 - INFO - ========================================
2026-04-18 09:06:53 - INFO - 训练 Loss: 0.6230
2026-04-18 09:06:53 - INFO - 验证准确率: 0.7513 (75.13%)
2026-04-18 09:06:54 - INFO - ✓ 保存最佳模型至: D:\py_project\5207Project-main\results\full_1000_best.pt
2026-04-18 09:06:54 - INFO - 
========================================
2026-04-18 09:06:54 - INFO - Epoch 4/5
2026-04-18 09:06:54 - INFO - ========================================
2026-04-18 09:07:02 - INFO - 训练 Loss: 0.4456
2026-04-18 09:07:02 - INFO - 验证准确率: 0.7701 (77.01%)
2026-04-18 09:07:02 - INFO - ✓ 保存最佳模型至: D:\py_project\5207Project-main\results\full_1000_best.pt
2026-04-18 09:07:02 - INFO - 
========================================
2026-04-18 09:07:02 - INFO - Epoch 5/5
2026-04-18 09:07:02 - INFO - ========================================
2026-04-18 09:07:10 - INFO - 训练 Loss: 0.3674
2026-04-18 09:07:10 - INFO - 验证准确率: 0.7620 (76.20%)
2026-04-18 09:07:10 - INFO - 
============================================================
2026-04-18 09:07:10 - INFO - 训练完成!
2026-04-18 09:07:10 - INFO - 最佳验证准确率: 0.7701 (77.01%)
2026-04-18 09:07:10 - INFO - 对应 Epoch: 4
2026-04-18 09:07:10 - INFO - 训练时间: 42.01 秒
2026-04-18 09:07:10 - INFO - 峰值 VRAM: 5.26 GB
2026-04-18 09:07:10 - INFO - ============================================================
2026-04-18 09:07:13 - INFO - 测试集准确率: 0.7833 (78.33%)
2026-04-18 09:07:13 - INFO - 实验结果已保存至: D:\py_project\5207Project-main\results\full_1000_results.json
2026-04-18 09:07:13 - INFO - 实验成功完成！
