2026-04-18 09:05:51 - INFO - 全局随机种子已设置为: 42
2026-04-18 09:05:51 - INFO - 检测到 CUDA 设备: NVIDIA GeForce RTX 3060 Laptop GPU, 显存: 6.4 GB
2026-04-18 09:05:51 - INFO - ============================================================
2026-04-18 09:05:51 - INFO - Full Fine-Tuning 实验配置
2026-04-18 09:05:51 - INFO - ============================================================
2026-04-18 09:05:51 - INFO - 样本规模: 500
2026-04-18 09:05:51 - INFO - 批次大小: 32
2026-04-18 09:05:51 - INFO - 学习率: 2e-05
2026-04-18 09:05:51 - INFO - 权重衰减: 0.01
2026-04-18 09:05:51 - INFO - 设备: cuda
2026-04-18 09:05:51 - INFO - ============================================================
2026-04-18 09:05:51 - INFO - 加载数据集...
2026-04-18 09:05:51 - INFO - 从本地加载子集 (样本数: 500)
2026-04-18 09:05:52 - INFO - 初始化模型（Full Fine-Tuning，所有参数可训练）...
2026-04-18 09:05:53 - INFO - 可训练参数: 124,648,708 / 124,648,708 (100.00%)
2026-04-18 09:05:54 - INFO - 
========================================
2026-04-18 09:05:54 - INFO - Epoch 1/5
2026-04-18 09:05:54 - INFO - ========================================
2026-04-18 09:05:59 - INFO - 训练 Loss: 1.3671
2026-04-18 09:05:59 - INFO - 验证准确率: 0.4278 (42.78%)
2026-04-18 09:05:59 - INFO - ✓ 保存最佳模型至: D:\py_project\5207Project-main\results\full_500_best.pt
2026-04-18 09:05:59 - INFO - 
========================================
2026-04-18 09:05:59 - INFO - Epoch 2/5
2026-04-18 09:05:59 - INFO - ========================================
2026-04-18 09:06:03 - INFO - 训练 Loss: 1.2537
2026-04-18 09:06:03 - INFO - 验证准确率: 0.5187 (51.87%)
2026-04-18 09:06:04 - INFO - ✓ 保存最佳模型至: D:\py_project\5207Project-main\results\full_500_best.pt
2026-04-18 09:06:04 - INFO - 
========================================
2026-04-18 09:06:04 - INFO - Epoch 3/5
2026-04-18 09:06:04 - INFO - ========================================
2026-04-18 09:06:08 - INFO - 训练 Loss: 1.0503
2026-04-18 09:06:08 - INFO - 验证准确率: 0.6872 (68.72%)
2026-04-18 09:06:09 - INFO - ✓ 保存最佳模型至: D:\py_project\5207Project-main\results\full_500_best.pt
2026-04-18 09:06:09 - INFO - 
========================================
2026-04-18 09:06:09 - INFO - Epoch 4/5
2026-04-18 09:06:09 - INFO - ========================================
2026-04-18 09:06:13 - INFO - 训练 Loss: 0.8117
2026-04-18 09:06:13 - INFO - 验证准确率: 0.7032 (70.32%)
2026-04-18 09:06:14 - INFO - ✓ 保存最佳模型至: D:\py_project\5207Project-main\results\full_500_best.pt
2026-04-18 09:06:14 - INFO - 
========================================
2026-04-18 09:06:14 - INFO - Epoch 5/5
2026-04-18 09:06:14 - INFO - ========================================
2026-04-18 09:06:18 - INFO - 训练 Loss: 0.6731
2026-04-18 09:06:18 - INFO - 验证准确率: 0.7005 (70.05%)
2026-04-18 09:06:18 - INFO - 
============================================================
2026-04-18 09:06:18 - INFO - 训练完成!
2026-04-18 09:06:18 - INFO - 最佳验证准确率: 0.7032 (70.32%)
2026-04-18 09:06:18 - INFO - 对应 Epoch: 4
2026-04-18 09:06:18 - INFO - 训练时间: 24.05 秒
2026-04-18 09:06:18 - INFO - 峰值 VRAM: 5.27 GB
2026-04-18 09:06:18 - INFO - ============================================================
2026-04-18 09:06:21 - INFO - 测试集准确率: 0.7108 (71.08%)
2026-04-18 09:06:21 - INFO - 实验结果已保存至: D:\py_project\5207Project-main\results\full_500_results.json
2026-04-18 09:06:21 - INFO - 实验成功完成！
