2026-04-18 09:05:29 - INFO - 全局随机种子已设置为: 42
2026-04-18 09:05:29 - INFO - 检测到 CUDA 设备: NVIDIA GeForce RTX 3060 Laptop GPU, 显存: 6.4 GB
2026-04-18 09:05:29 - INFO - ============================================================
2026-04-18 09:05:29 - INFO - Full Fine-Tuning 实验配置
2026-04-18 09:05:29 - INFO - ============================================================
2026-04-18 09:05:29 - INFO - 样本规模: 200
2026-04-18 09:05:29 - INFO - 批次大小: 32
2026-04-18 09:05:29 - INFO - 学习率: 2e-05
2026-04-18 09:05:29 - INFO - 权重衰减: 0.01
2026-04-18 09:05:29 - INFO - 设备: cuda
2026-04-18 09:05:29 - INFO - ============================================================
2026-04-18 09:05:29 - INFO - 加载数据集...
2026-04-18 09:05:29 - INFO - 从本地加载子集 (样本数: 200)
2026-04-18 09:05:30 - INFO - 初始化模型（Full Fine-Tuning，所有参数可训练）...
2026-04-18 09:05:31 - INFO - 可训练参数: 124,648,708 / 124,648,708 (100.00%)
2026-04-18 09:05:32 - INFO - 
========================================
2026-04-18 09:05:32 - INFO - Epoch 1/5
2026-04-18 09:05:32 - INFO - ========================================
2026-04-18 09:05:34 - INFO - 训练 Loss: 1.3652
2026-04-18 09:05:34 - INFO - 验证准确率: 0.4278 (42.78%)
2026-04-18 09:05:35 - INFO - ✓ 保存最佳模型至: D:\py_project\5207Project-main\results\full_200_best.pt
2026-04-18 09:05:35 - INFO - 
========================================
2026-04-18 09:05:35 - INFO - Epoch 2/5
2026-04-18 09:05:35 - INFO - ========================================
2026-04-18 09:05:37 - INFO - 训练 Loss: 1.3291
2026-04-18 09:05:37 - INFO - 验证准确率: 0.4278 (42.78%)
2026-04-18 09:05:37 - INFO - 
========================================
2026-04-18 09:05:37 - INFO - Epoch 3/5
2026-04-18 09:05:37 - INFO - ========================================
2026-04-18 09:05:40 - INFO - 训练 Loss: 1.2886
2026-04-18 09:05:40 - INFO - 验证准确率: 0.4278 (42.78%)
2026-04-18 09:05:40 - INFO - 
========================================
2026-04-18 09:05:40 - INFO - Epoch 4/5
2026-04-18 09:05:40 - INFO - ========================================
2026-04-18 09:05:42 - INFO - 训练 Loss: 1.2646
2026-04-18 09:05:42 - INFO - 验证准确率: 0.4278 (42.78%)
2026-04-18 09:05:42 - INFO - 
========================================
2026-04-18 09:05:42 - INFO - Epoch 5/5
2026-04-18 09:05:42 - INFO - ========================================
2026-04-18 09:05:45 - INFO - 训练 Loss: 1.2472
2026-04-18 09:05:45 - INFO - 验证准确率: 0.4278 (42.78%)
2026-04-18 09:05:45 - INFO - 
============================================================
2026-04-18 09:05:45 - INFO - 训练完成!
2026-04-18 09:05:45 - INFO - 最佳验证准确率: 0.4278 (42.78%)
2026-04-18 09:05:45 - INFO - 对应 Epoch: 1
2026-04-18 09:05:45 - INFO - 训练时间: 12.96 秒
2026-04-18 09:05:45 - INFO - 峰值 VRAM: 5.26 GB
2026-04-18 09:05:45 - INFO - ============================================================
2026-04-18 09:05:48 - INFO - 测试集准确率: 0.3927 (39.27%)
2026-04-18 09:05:48 - INFO - 实验结果已保存至: D:\py_project\5207Project-main\results\full_200_results.json
2026-04-18 09:05:48 - INFO - 实验成功完成！
