2026-04-18 09:09:41 - INFO - 全局随机种子已设置为: 42
2026-04-18 09:09:41 - INFO - 检测到 CUDA 设备: NVIDIA GeForce RTX 3060 Laptop GPU, 显存: 6.4 GB
2026-04-18 09:09:41 - INFO - ============================================================
2026-04-18 09:09:41 - INFO - LoRA Fine-Tuning 实验配置
2026-04-18 09:09:41 - INFO - ============================================================
2026-04-18 09:09:41 - INFO - 样本规模: 1000
2026-04-18 09:09:41 - INFO - 批次大小: 32
2026-04-18 09:09:41 - INFO - LoRA Rank (r): 8
2026-04-18 09:09:41 - INFO - LoRA Alpha: 32
2026-04-18 09:09:41 - INFO - LoRA Dropout: 0.1
2026-04-18 09:09:41 - INFO - 目标模块: ['query', 'value']
2026-04-18 09:09:41 - INFO - 设备: cuda
2026-04-18 09:09:41 - INFO - ============================================================
2026-04-18 09:09:41 - INFO - 加载数据集...
2026-04-18 09:09:41 - INFO - 从本地加载子集 (样本数: 1000)
2026-04-18 09:09:41 - INFO - 加载预训练模型并应用 LoRA...
2026-04-18 09:09:43 - INFO - 
============================================================
2026-04-18 09:09:43 - INFO - 阶段1: 训练 Classifier（高学习率）
2026-04-18 09:09:43 - INFO - ============================================================
2026-04-18 09:09:43 - INFO - 阶段1 可训练参数: 1,482,248
2026-04-18 09:09:48 - INFO - 阶段1 Epoch 1: Loss=1.4085, Val Acc=0.4278
2026-04-18 09:09:53 - INFO - 阶段1 Epoch 2: Loss=1.3132, Val Acc=0.4278
2026-04-18 09:09:58 - INFO - 阶段1 Epoch 3: Loss=1.3020, Val Acc=0.4278
2026-04-18 09:09:58 - INFO - 
============================================================
2026-04-18 09:09:58 - INFO - 阶段2: 训练 Classifier + LoRA
2026-04-18 09:09:58 - INFO - ============================================================
2026-04-18 09:09:58 - INFO - 阶段2 可训练参数: 1,482,248
2026-04-18 09:09:58 - INFO - 
========================================
2026-04-18 09:09:58 - INFO - Epoch 1/5 (阶段2)
2026-04-18 09:09:58 - INFO - ========================================
2026-04-18 09:10:03 - INFO - 训练 Loss: 1.2915
2026-04-18 09:10:03 - INFO - 验证准确率: 0.4278 (42.78%)
2026-04-18 09:10:04 - INFO - ✓ 保存最佳 LoRA 适配器至: D:\py_project\5207Project-main\results\lora_1000_best.pt
2026-04-18 09:10:04 - INFO - 
========================================
2026-04-18 09:10:04 - INFO - Epoch 2/5 (阶段2)
2026-04-18 09:10:04 - INFO - ========================================
2026-04-18 09:10:09 - INFO - 训练 Loss: 1.2907
2026-04-18 09:10:09 - INFO - 验证准确率: 0.4278 (42.78%)
2026-04-18 09:10:09 - INFO - 
========================================
2026-04-18 09:10:09 - INFO - Epoch 3/5 (阶段2)
2026-04-18 09:10:09 - INFO - ========================================
2026-04-18 09:10:14 - INFO - 训练 Loss: 1.2834
2026-04-18 09:10:14 - INFO - 验证准确率: 0.4278 (42.78%)
2026-04-18 09:10:14 - INFO - 
========================================
2026-04-18 09:10:14 - INFO - Epoch 4/5 (阶段2)
2026-04-18 09:10:14 - INFO - ========================================
2026-04-18 09:10:19 - INFO - 训练 Loss: 1.2880
2026-04-18 09:10:19 - INFO - 验证准确率: 0.4278 (42.78%)
2026-04-18 09:10:19 - INFO - 
========================================
2026-04-18 09:10:19 - INFO - Epoch 5/5 (阶段2)
2026-04-18 09:10:19 - INFO - ========================================
2026-04-18 09:10:25 - INFO - 训练 Loss: 1.2930
2026-04-18 09:10:25 - INFO - 验证准确率: 0.4278 (42.78%)
2026-04-18 09:10:25 - INFO - 
============================================================
2026-04-18 09:10:25 - INFO - LoRA 训练完成!
2026-04-18 09:10:25 - INFO - 最佳验证准确率: 0.4278 (42.78%)
2026-04-18 09:10:25 - INFO - 对应 Epoch: 1
2026-04-18 09:10:25 - INFO - 训练时间: 41.61 秒
2026-04-18 09:10:25 - INFO - 峰值 VRAM: 3.13 GB
2026-04-18 09:10:25 - INFO - ============================================================
2026-04-18 09:10:27 - INFO - 测试集准确率: 0.3927 (39.27%)
2026-04-18 09:10:27 - INFO - 实验结果已保存至: D:\py_project\5207Project-main\results\lora_1000_results.json
2026-04-18 09:10:27 - INFO - LoRA 实验成功完成！
