2026-04-18 09:08:42 - INFO - 全局随机种子已设置为: 42
2026-04-18 09:08:42 - INFO - 检测到 CUDA 设备: NVIDIA GeForce RTX 3060 Laptop GPU, 显存: 6.4 GB
2026-04-18 09:08:42 - INFO - ============================================================
2026-04-18 09:08:42 - INFO - LoRA Fine-Tuning 实验配置
2026-04-18 09:08:42 - INFO - ============================================================
2026-04-18 09:08:42 - INFO - 样本规模: 200
2026-04-18 09:08:42 - INFO - 批次大小: 32
2026-04-18 09:08:42 - INFO - LoRA Rank (r): 8
2026-04-18 09:08:42 - INFO - LoRA Alpha: 32
2026-04-18 09:08:42 - INFO - LoRA Dropout: 0.1
2026-04-18 09:08:42 - INFO - 目标模块: ['query', 'value']
2026-04-18 09:08:42 - INFO - 设备: cuda
2026-04-18 09:08:42 - INFO - ============================================================
2026-04-18 09:08:42 - INFO - 加载数据集...
2026-04-18 09:08:42 - INFO - 从本地加载子集 (样本数: 200)
2026-04-18 09:08:43 - INFO - 加载预训练模型并应用 LoRA...
2026-04-18 09:08:44 - INFO - 
============================================================
2026-04-18 09:08:44 - INFO - 阶段1: 训练 Classifier（高学习率）
2026-04-18 09:08:44 - INFO - ============================================================
2026-04-18 09:08:44 - INFO - 阶段1 可训练参数: 1,482,248
2026-04-18 09:08:46 - INFO - 阶段1 Epoch 1: Loss=1.6717, Val Acc=0.4278
2026-04-18 09:08:48 - INFO - 阶段1 Epoch 2: Loss=1.3477, Val Acc=0.4278
2026-04-18 09:08:50 - INFO - 阶段1 Epoch 3: Loss=1.3544, Val Acc=0.4278
2026-04-18 09:08:50 - INFO - 
============================================================
2026-04-18 09:08:50 - INFO - 阶段2: 训练 Classifier + LoRA
2026-04-18 09:08:50 - INFO - ============================================================
2026-04-18 09:08:50 - INFO - 阶段2 可训练参数: 1,482,248
2026-04-18 09:08:50 - INFO - 
========================================
2026-04-18 09:08:50 - INFO - Epoch 1/5 (阶段2)
2026-04-18 09:08:50 - INFO - ========================================
2026-04-18 09:08:51 - INFO - 训练 Loss: 1.3716
2026-04-18 09:08:51 - INFO - 验证准确率: 0.4278 (42.78%)
2026-04-18 09:08:52 - INFO - ✓ 保存最佳 LoRA 适配器至: D:\py_project\5207Project-main\results\lora_200_best.pt
2026-04-18 09:08:52 - INFO - 
========================================
2026-04-18 09:08:52 - INFO - Epoch 2/5 (阶段2)
2026-04-18 09:08:52 - INFO - ========================================
2026-04-18 09:08:54 - INFO - 训练 Loss: 1.2906
2026-04-18 09:08:54 - INFO - 验证准确率: 0.4278 (42.78%)
2026-04-18 09:08:54 - INFO - 
========================================
2026-04-18 09:08:54 - INFO - Epoch 3/5 (阶段2)
2026-04-18 09:08:54 - INFO - ========================================
2026-04-18 09:08:55 - INFO - 训练 Loss: 1.3713
2026-04-18 09:08:55 - INFO - 验证准确率: 0.4278 (42.78%)
2026-04-18 09:08:55 - INFO - 
========================================
2026-04-18 09:08:55 - INFO - Epoch 4/5 (阶段2)
2026-04-18 09:08:55 - INFO - ========================================
2026-04-18 09:08:57 - INFO - 训练 Loss: 1.2874
2026-04-18 09:08:57 - INFO - 验证准确率: 0.4278 (42.78%)
2026-04-18 09:08:57 - INFO - 
========================================
2026-04-18 09:08:57 - INFO - Epoch 5/5 (阶段2)
2026-04-18 09:08:57 - INFO - ========================================
2026-04-18 09:08:59 - INFO - 训练 Loss: 1.2810
2026-04-18 09:08:59 - INFO - 验证准确率: 0.4278 (42.78%)
2026-04-18 09:08:59 - INFO - 
============================================================
2026-04-18 09:08:59 - INFO - LoRA 训练完成!
2026-04-18 09:08:59 - INFO - 最佳验证准确率: 0.4278 (42.78%)
2026-04-18 09:08:59 - INFO - 对应 Epoch: 1
2026-04-18 09:08:59 - INFO - 训练时间: 14.79 秒
2026-04-18 09:08:59 - INFO - 峰值 VRAM: 3.13 GB
2026-04-18 09:08:59 - INFO - ============================================================
2026-04-18 09:09:02 - INFO - 测试集准确率: 0.3927 (39.27%)
2026-04-18 09:09:02 - INFO - 实验结果已保存至: D:\py_project\5207Project-main\results\lora_200_results.json
2026-04-18 09:09:02 - INFO - LoRA 实验成功完成！
