2026-04-18 09:09:06 - INFO - 全局随机种子已设置为: 42
2026-04-18 09:09:06 - INFO - 检测到 CUDA 设备: NVIDIA GeForce RTX 3060 Laptop GPU, 显存: 6.4 GB
2026-04-18 09:09:06 - INFO - ============================================================
2026-04-18 09:09:06 - INFO - LoRA Fine-Tuning 实验配置
2026-04-18 09:09:06 - INFO - ============================================================
2026-04-18 09:09:06 - INFO - 样本规模: 500
2026-04-18 09:09:06 - INFO - 批次大小: 32
2026-04-18 09:09:06 - INFO - LoRA Rank (r): 8
2026-04-18 09:09:06 - INFO - LoRA Alpha: 32
2026-04-18 09:09:06 - INFO - LoRA Dropout: 0.1
2026-04-18 09:09:06 - INFO - 目标模块: ['query', 'value']
2026-04-18 09:09:06 - INFO - 设备: cuda
2026-04-18 09:09:06 - INFO - ============================================================
2026-04-18 09:09:06 - INFO - 加载数据集...
2026-04-18 09:09:06 - INFO - 从本地加载子集 (样本数: 500)
2026-04-18 09:09:07 - INFO - 加载预训练模型并应用 LoRA...
2026-04-18 09:09:09 - INFO - 
============================================================
2026-04-18 09:09:09 - INFO - 阶段1: 训练 Classifier（高学习率）
2026-04-18 09:09:09 - INFO - ============================================================
2026-04-18 09:09:09 - INFO - 阶段1 可训练参数: 1,482,248
2026-04-18 09:09:12 - INFO - 阶段1 Epoch 1: Loss=1.5055, Val Acc=0.2594
2026-04-18 09:09:15 - INFO - 阶段1 Epoch 2: Loss=1.3354, Val Acc=0.4278
2026-04-18 09:09:18 - INFO - 阶段1 Epoch 3: Loss=1.3331, Val Acc=0.4278
2026-04-18 09:09:18 - INFO - 
============================================================
2026-04-18 09:09:18 - INFO - 阶段2: 训练 Classifier + LoRA
2026-04-18 09:09:18 - INFO - ============================================================
2026-04-18 09:09:18 - INFO - 阶段2 可训练参数: 1,482,248
2026-04-18 09:09:18 - INFO - 
========================================
2026-04-18 09:09:18 - INFO - Epoch 1/5 (阶段2)
2026-04-18 09:09:18 - INFO - ========================================
2026-04-18 09:09:21 - INFO - 训练 Loss: 1.3191
2026-04-18 09:09:21 - INFO - 验证准确率: 0.4278 (42.78%)
2026-04-18 09:09:21 - INFO - ✓ 保存最佳 LoRA 适配器至: D:\py_project\5207Project-main\results\lora_500_best.pt
2026-04-18 09:09:21 - INFO - 
========================================
2026-04-18 09:09:21 - INFO - Epoch 2/5 (阶段2)
2026-04-18 09:09:21 - INFO - ========================================
2026-04-18 09:09:24 - INFO - 训练 Loss: 1.3025
2026-04-18 09:09:24 - INFO - 验证准确率: 0.4278 (42.78%)
2026-04-18 09:09:24 - INFO - 
========================================
2026-04-18 09:09:24 - INFO - Epoch 3/5 (阶段2)
2026-04-18 09:09:24 - INFO - ========================================
2026-04-18 09:09:27 - INFO - 训练 Loss: 1.2989
2026-04-18 09:09:27 - INFO - 验证准确率: 0.4278 (42.78%)
2026-04-18 09:09:27 - INFO - 
========================================
2026-04-18 09:09:27 - INFO - Epoch 4/5 (阶段2)
2026-04-18 09:09:27 - INFO - ========================================
2026-04-18 09:09:30 - INFO - 训练 Loss: 1.3044
2026-04-18 09:09:30 - INFO - 验证准确率: 0.4278 (42.78%)
2026-04-18 09:09:30 - INFO - 
========================================
2026-04-18 09:09:30 - INFO - Epoch 5/5 (阶段2)
2026-04-18 09:09:30 - INFO - ========================================
2026-04-18 09:09:33 - INFO - 训练 Loss: 1.3005
2026-04-18 09:09:33 - INFO - 验证准确率: 0.4278 (42.78%)
2026-04-18 09:09:33 - INFO - 
============================================================
2026-04-18 09:09:33 - INFO - LoRA 训练完成!
2026-04-18 09:09:33 - INFO - 最佳验证准确率: 0.4278 (42.78%)
2026-04-18 09:09:33 - INFO - 对应 Epoch: 1
2026-04-18 09:09:33 - INFO - 训练时间: 24.81 秒
2026-04-18 09:09:33 - INFO - 峰值 VRAM: 3.13 GB
2026-04-18 09:09:33 - INFO - ============================================================
2026-04-18 09:09:36 - INFO - 测试集准确率: 0.3927 (39.27%)
2026-04-18 09:09:36 - INFO - 实验结果已保存至: D:\py_project\5207Project-main\results\lora_500_results.json
2026-04-18 09:09:36 - INFO - LoRA 实验成功完成！
