2026-04-18 09:05:25 - INFO - ============================================================
2026-04-18 09:05:25 - INFO - 实验批次开始
2026-04-18 09:05:25 - INFO - 方法: ['full', 'lora', 'bitfit', 'zeroshot']
2026-04-18 09:05:25 - INFO - 样本规模: [200, 500, 1000, 2000]
2026-04-18 09:05:25 - INFO - 批次大小: 32
2026-04-18 09:05:25 - INFO - 训练轮数: 5
2026-04-18 09:05:25 - INFO - 日志目录: D:\py_project\5207Project-main\logs\20260418_090525
2026-04-18 09:05:25 - INFO - ============================================================
2026-04-18 09:05:25 - INFO - 
============================================================
2026-04-18 09:05:25 - INFO - 开始实验: full @ 200
2026-04-18 09:05:25 - INFO - ============================================================
2026-04-18 09:05:48 - INFO - 实验完成，耗时: 22.84 秒
2026-04-18 09:05:48 - INFO - 
============================================================
2026-04-18 09:05:48 - INFO - 开始实验: full @ 500
2026-04-18 09:05:48 - INFO - ============================================================
2026-04-18 09:06:22 - INFO - 实验完成，耗时: 33.39 秒
2026-04-18 09:06:22 - INFO - 
============================================================
2026-04-18 09:06:22 - INFO - 开始实验: full @ 1000
2026-04-18 09:06:22 - INFO - ============================================================
2026-04-18 09:07:13 - INFO - 实验完成，耗时: 51.86 秒
2026-04-18 09:07:13 - INFO - 
============================================================
2026-04-18 09:07:13 - INFO - 开始实验: full @ 2000
2026-04-18 09:07:13 - INFO - ============================================================
2026-04-18 09:08:38 - INFO - 实验完成，耗时: 84.55 秒
2026-04-18 09:08:38 - INFO - 
============================================================
2026-04-18 09:08:38 - INFO - 开始实验: lora @ 200
2026-04-18 09:08:38 - INFO - ============================================================
2026-04-18 09:09:02 - INFO - 实验完成，耗时: 24.45 秒
2026-04-18 09:09:02 - INFO - 
============================================================
2026-04-18 09:09:02 - INFO - 开始实验: lora @ 500
2026-04-18 09:09:02 - INFO - ============================================================
2026-04-18 09:09:37 - INFO - 实验完成，耗时: 34.39 秒
2026-04-18 09:09:37 - INFO - 
============================================================
2026-04-18 09:09:37 - INFO - 开始实验: lora @ 1000
2026-04-18 09:09:37 - INFO - ============================================================
2026-04-18 09:10:28 - INFO - 实验完成，耗时: 51.18 秒
2026-04-18 09:10:28 - INFO - 
============================================================
2026-04-18 09:10:28 - INFO - 开始实验: lora @ 2000
2026-04-18 09:10:28 - INFO - ============================================================
2026-04-18 09:11:51 - INFO - 实验完成，耗时: 83.29 秒
2026-04-18 09:11:51 - INFO - 
============================================================
2026-04-18 09:11:51 - INFO - 开始实验: bitfit @ 200
2026-04-18 09:11:51 - INFO - ============================================================
2026-04-18 09:12:14 - INFO - 实验完成，耗时: 22.61 秒
2026-04-18 09:12:14 - INFO - 
============================================================
2026-04-18 09:12:14 - INFO - 开始实验: bitfit @ 500
2026-04-18 09:12:14 - INFO - ============================================================
2026-04-18 09:12:44 - INFO - 实验完成，耗时: 30.35 秒
2026-04-18 09:12:44 - INFO - 
============================================================
2026-04-18 09:12:44 - INFO - 开始实验: bitfit @ 1000
2026-04-18 09:12:44 - INFO - ============================================================
2026-04-18 09:13:26 - INFO - 实验完成，耗时: 41.61 秒
2026-04-18 09:13:26 - INFO - 
============================================================
2026-04-18 09:13:26 - INFO - 开始实验: bitfit @ 2000
2026-04-18 09:13:26 - INFO - ============================================================
2026-04-18 09:14:31 - INFO - 实验完成，耗时: 64.99 秒
2026-04-18 09:14:31 - INFO - 
============================================================
2026-04-18 09:14:31 - INFO - 开始实验: zeroshot @ 200
2026-04-18 09:14:31 - INFO - ============================================================
2026-04-18 09:14:41 - INFO - 实验完成，耗时: 10.49 秒
2026-04-18 09:14:41 - INFO - 
============================================================
2026-04-18 09:14:41 - INFO - 实验批次完成!
2026-04-18 09:14:41 - INFO - 总实验数: 13
2026-04-18 09:14:41 - INFO - ============================================================
2026-04-18 09:14:41 - INFO - 结果摘要已保存至: D:\py_project\5207Project-main\logs\20260418_090525\experiment_summary.json
