2026-04-18 09:14:34 - INFO - 全局随机种子已设置为: 42
2026-04-18 09:14:34 - INFO - 检测到 CUDA 设备: NVIDIA GeForce RTX 3060 Laptop GPU, 显存: 6.4 GB
2026-04-18 09:14:34 - INFO - ============================================================
2026-04-18 09:14:34 - INFO - Zero-Shot 推理配置
2026-04-18 09:14:34 - INFO - ============================================================
2026-04-18 09:14:34 - INFO - 样本规模: 200
2026-04-18 09:14:34 - INFO - 批次大小: 32
2026-04-18 09:14:34 - INFO - 设备: cuda
2026-04-18 09:14:34 - INFO - ============================================================
2026-04-18 09:14:34 - INFO - 加载数据集...
2026-04-18 09:14:34 - INFO - 从本地加载子集 (样本数: 200)
2026-04-18 09:14:35 - INFO - 加载预训练模型（不进行任何训练）...
2026-04-18 09:14:36 - INFO - 模型已加载，准备推理...
2026-04-18 09:14:38 - INFO - validation 准确率: 0.4278 (42.78%)
2026-04-18 09:14:41 - INFO - test 准确率: 0.3927 (39.27%)
2026-04-18 09:14:41 - INFO - 
============================================================
2026-04-18 09:14:41 - INFO - Zero-Shot 推理完成!
2026-04-18 09:14:41 - INFO - 验证准确率: 0.4278 (42.78%)
2026-04-18 09:14:41 - INFO - 测试准确率: 0.3927 (39.27%)
2026-04-18 09:14:41 - INFO - 推理时间: 4.57 秒
2026-04-18 09:14:41 - INFO - ============================================================
2026-04-18 09:14:41 - INFO - 实验结果已保存至: D:\py_project\5207Project-main\results\zeroshot_200_results.json
2026-04-18 09:14:41 - INFO - Zero-Shot 实验成功完成！
